[reader - main] Начало работы.
[reader - main] Инициализация данных отчета...
[reader - main] Данные отчета успешно инициализированы.
[reader - main] Чтение данных о клиентах и товарах...
[reader - main] Данные о клиентах и товарах успешно прочитаны.
[reader - main] Запуск потоков...
[reader - read_sales_thread] Начало работы.
[reader - read_sales_thread] Чтение данных о продажах...
[reader - read_sales_thread] Открытие файла продаж...
[reader - read_sales_thread] Файл продаж успешно открыт.
[reader - trendline_thread] Начало работы.
[reader - customer_report_thread] Начало работы.
[reader - sales_sum_thread] Начало работы.
[reader - items_top_thread] Начало работы.
[reader - read_sales_thread] Чтение продаж...
[reader - main] Потоки успешно запущены.
[reader - report_thread] Начало работы.
[reader - read_sales_thread] Продажи успешно прочитаны.
[reader - read_sales_thread] Выделение памяти для продаж...
[reader - read_sales_thread] Память для продаж успешно выделена.
[reader - main] Выбор действия...
[reader - main] Действие выбрано.
[reader - main] Послан сигнал на вывод суммы продаж...
[reader - sales_sum_thread] Получение суммы продаж...
[reader - sales_sum_thread] Высчитывание суммы продаж...
[reader - sales_sum_thread] Сумма продаж успешно высчитана.
[reader - sales_sum_thread] Вывод суммы продаж...
[reader - main] Выбор действия...
[reader - main] Действие выбрано.
[reader - main] Послан сигнал на вывод прогноза продаж...
[reader - trendline_thread] Вычисление тенденций...
[reader - trendline_thread] Высчитывание сумм...
[reader - trendline_thread] Высчитывание точки...
[reader - trendline_thread] Вывод прогноза...
[reader - trendline_thread] Высчитывание точки...
[reader - trendline_thread] Вывод прогноза...
[reader - trendline_thread] Высчитывание точки...
[reader - trendline_thread] Вывод прогноза...
[reader - main] Выбор действия...
[reader - main] Действие выбрано.
[reader - main] Послан сигнал на вывод популярных и непопулярных товаров...
[reader - items_top_thread] Получение данных о популярности товаров...
[reader - items_top_thread] Инициализация данных о товарах...
[reader - items_top_thread] Данные о товарах успешно инициализированы.
[reader - items_top_thread] Получение данных о популярности товаров...
[reader - items_top_thread] Данные о популярности товаров успешно получены.
[reader - items_top_thread] Сортировка данных о популярности товаров...
[reader - items_top_thread] Данные о популярности товаров успешно отсортированы.
[reader - items_top_thread] Копирование данных о популярности товаров...
[reader - items_top_thread] Данные о популярности товаров успешно скопированы.
[reader - items_top_thread] Вывод данных о популярности товаров...
[reader - main] Выбор действия...
[reader - main] Действие выбрано.
[reader - sales_sum_thread] Получение суммы продаж...
[reader - sales_sum_thread] Высчитывание суммы продаж...
[reader - sales_sum_thread] Сумма продаж успешно высчитана.
[reader - sales_sum_thread] Вывод суммы продаж...
[reader - items_top_thread] Получение данных о популярности товаров...
[reader - items_top_thread] Инициализация данных о товарах...
[reader - items_top_thread] Данные о товарах успешно инициализированы.
[reader - items_top_thread] Получение данных о популярности товаров...
[reader - items_top_thread] Данные о популярности товаров успешно получены.
[reader - items_top_thread] Сортировка данных о популярности товаров...
[reader - items_top_thread] Данные о популярности товаров успешно отсортированы.
[reader - items_top_thread] Копирование данных о популярности товаров...
[reader - items_top_thread] Данные о популярности товаров успешно скопированы.
[reader - main] Послан сигнал на вывод отчета...
[reader - report_thread] Создание отчета...
[reader - items_top_thread] Вывод данных о популярности товаров...
[reader - report_thread] Отчет успешно создан.
[reader - main] Выбор действия...
[reader - main] Действие выбрано.
[reader - main] Завершение работы...
[reader - customer_report_thread] Завершение работы.
[reader - sales_sum_thread] Завершение работы.
[reader - read_sales_thread] Завершение работы.
[reader - report_thread] Завершение работы.
[reader - trendline_thread] Завершение работы.
[reader - items_top_thread] Завершение работы.
[reader - main] Потоки успешно завершены.
[reader - main] Работа завершена.
